/*C3*/SET SCHEMA PUBLIC
CONNECT USER SA
DISCONNECT
/*C4*/SET SCHEMA PUBLIC
CONNECT USER SA
SET AUTOCOMMIT FALSE
DELETE FROM ROOMTYPE WHERE TYPEID='SINGLE'
INSERT INTO ROOMTYPE VALUES('SINGLE',100.0E0)
SET AUTOCOMMIT TRUE
/*C5*/SET SCHEMA PUBLIC
CONNECT USER SA
DISCONNECT
/*C4*/DISCONNECT
/*C6*/SET SCHEMA PUBLIC
CONNECT USER SA
DISCONNECT
/*C7*/SET SCHEMA PUBLIC
CONNECT USER SA
SET AUTOCOMMIT FALSE
DELETE FROM ROOMTYPE WHERE TYPEID='DOUBLE'
INSERT INTO ROOMTYPE VALUES('DOUBLE',200.0E0)
SET AUTOCOMMIT TRUE
/*C8*/SET SCHEMA PUBLIC
CONNECT USER SA
DISCONNECT
/*C7*/DISCONNECT
/*C9*/SET SCHEMA PUBLIC
CONNECT USER SA
DISCONNECT
/*C10*/SET SCHEMA PUBLIC
CONNECT USER SA
SET AUTOCOMMIT FALSE
DELETE FROM ROOMTYPE WHERE TYPEID='DOUBLE'
INSERT INTO ROOMTYPE VALUES('DOUBLE',250.0E0)
SET AUTOCOMMIT TRUE
/*C11*/SET SCHEMA PUBLIC
CONNECT USER SA
DISCONNECT
/*C10*/DISCONNECT
/*C12*/SET SCHEMA PUBLIC
CONNECT USER SA
DISCONNECT
/*C13*/SET SCHEMA PUBLIC
CONNECT USER SA
DISCONNECT
/*C14*/SET SCHEMA PUBLIC
CONNECT USER SA
DISCONNECT
/*C15*/SET SCHEMA PUBLIC
CONNECT USER SA
DISCONNECT
/*C16*/SET SCHEMA PUBLIC
CONNECT USER SA
DISCONNECT
/*C17*/SET SCHEMA PUBLIC
CONNECT USER SA
DISCONNECT
